This file contains any messages produced by compilers while
running configure, to aid debugging if configure makes a mistake.

It was created by configure, which was
generated by GNU Autoconf 2.69.  Invocation command line was

  $ ./configure 

## --------- ##
## Platform. ##
## --------- ##

hostname = arch-pc
uname -m = x86_64
uname -r = 5.8.9-arch2-1
uname -s = Linux
uname -v = #1 SMP PREEMPT Sun, 13 Sep 2020 23:44:55 +0000

/usr/bin/uname -p = unknown
/bin/uname -X     = unknown

/bin/arch              = unknown
/usr/bin/arch -k       = unknown
/usr/convex/getsysinfo = unknown
/usr/bin/hostinfo      = unknown
/bin/machine           = unknown
/usr/bin/oslevel       = unknown
/bin/universe          = unknown

PATH: /usr/local/sbin
PATH: /usr/local/bin
PATH: /usr/bin
PATH: /usr/bin/site_perl
PATH: /usr/bin/vendor_perl
PATH: /usr/bin/core_perl


## ----------- ##
## Core tests. ##
## ----------- ##

configure:2328: checking for grep that handles long lines and -e
configure:2386: result: /usr/bin/grep
configure:2391: checking for egrep
configure:2453: result: /usr/bin/grep -E
configure:2458: checking for a sed that does not truncate output
configure:2522: result: /usr/bin/sed
configure:2661: checking for pkg-config
configure:2679: found /usr/bin/pkg-config
configure:2691: result: /usr/bin/pkg-config
configure:2716: checking pkg-config is at least version 0.9.0
configure:2719: result: yes
configure:2781: checking for cc
configure:2797: found /usr/bin/cc
configure:2808: result: cc
configure:2839: checking for C compiler version
configure:2848: cc --version >&5
cc (GCC) 10.2.0
Copyright (C) 2020 Free Software Foundation, Inc.
This is free software; see the source for copying conditions.  There is NO
warranty; not even for MERCHANTABILITY or FITNESS FOR A PARTICULAR PURPOSE.

configure:2859: $? = 0
configure:2848: cc -v >&5
Using built-in specs.
COLLECT_GCC=cc
COLLECT_LTO_WRAPPER=/usr/lib/gcc/x86_64-pc-linux-gnu/10.2.0/lto-wrapper
Target: x86_64-pc-linux-gnu
Configured with: /build/gcc/src/gcc/configure --prefix=/usr --libdir=/usr/lib --libexecdir=/usr/lib --mandir=/usr/share/man --infodir=/usr/share/info --with-bugurl=https://bugs.archlinux.org/ --enable-languages=c,c++,ada,fortran,go,lto,objc,obj-c++,d --with-isl --with-linker-hash-style=gnu --with-system-zlib --enable-__cxa_atexit --enable-cet=auto --enable-checking=release --enable-clocale=gnu --enable-default-pie --enable-default-ssp --enable-gnu-indirect-function --enable-gnu-unique-object --enable-install-libiberty --enable-linker-build-id --enable-lto --enable-multilib --enable-plugin --enable-shared --enable-threads=posix --disable-libssp --disable-libstdcxx-pch --disable-libunwind-exceptions --disable-werror gdc_include_dir=/usr/include/dlang/gdc
Thread model: posix
Supported LTO compression algorithms: zlib zstd
gcc version 10.2.0 (GCC) 
configure:2859: $? = 0
configure:2848: cc -V >&5
cc: error: unrecognized command-line option '-V'
cc: fatal error: no input files
compilation terminated.
configure:2859: $? = 1
configure:2848: cc -qversion >&5
cc: error: unrecognized command-line option '-qversion'; did you mean '--version'?
cc: fatal error: no input files
compilation terminated.
configure:2859: $? = 1
configure:2879: checking whether the C compiler works
configure:2901: cc    conftest.c  >&5
configure:2905: $? = 0
configure:2953: result: yes
configure:2956: checking for C compiler default output file name
configure:2958: result: a.out
configure:2964: checking for suffix of executables
configure:2971: cc -o conftest    conftest.c  >&5
configure:2975: $? = 0
configure:2997: result: 
configure:3019: checking whether we are cross compiling
configure:3027: cc -o conftest    conftest.c  >&5
configure:3031: $? = 0
configure:3038: ./conftest
configure:3042: $? = 0
configure:3030: result: no
configure:3035: checking for suffix of object files
configure:3057: cc -c   conftest.c >&5
configure:3061: $? = 0
configure:3082: result: o
configure:3086: checking whether we are using the GNU C compiler
configure:3105: cc -c   conftest.c >&5
configure:3105: $? = 0
configure:3114: result: yes
configure:3123: checking whether cc accepts -g
configure:3143: cc -c -g  conftest.c >&5
configure:3143: $? = 0
configure:3184: result: yes
configure:3201: checking for cc option to accept ISO C89
configure:3264: cc  -c -g -O2  conftest.c >&5
configure:3264: $? = 0
configure:3277: result: none needed
configure:3303: checking how to run the C preprocessor
configure:3334: cc -E  conftest.c
configure:3334: $? = 0
configure:3348: cc -E  conftest.c
conftest.c:9:10: fatal error: ac_nonexistent.h: No such file or directory
    9 | #include <ac_nonexistent.h>
      |          ^~~~~~~~~~~~~~~~~~
compilation terminated.
configure:3348: $? = 1
configure: failed program was:
| /* confdefs.h */
| #define PACKAGE_NAME ""
| #define PACKAGE_TARNAME ""
| #define PACKAGE_VERSION ""
| #define PACKAGE_STRING ""
| #define PACKAGE_BUGREPORT ""
| #define PACKAGE_URL ""
| /* end confdefs.h.  */
| #include <ac_nonexistent.h>
configure:3373: result: cc -E
configure:3393: cc -E  conftest.c
configure:3393: $? = 0
configure:3407: cc -E  conftest.c
conftest.c:9:10: fatal error: ac_nonexistent.h: No such file or directory
    9 | #include <ac_nonexistent.h>
      |          ^~~~~~~~~~~~~~~~~~
compilation terminated.
configure:3407: $? = 1
configure: failed program was:
| /* confdefs.h */
| #define PACKAGE_NAME ""
| #define PACKAGE_TARNAME ""
| #define PACKAGE_VERSION ""
| #define PACKAGE_STRING ""
| #define PACKAGE_BUGREPORT ""
| #define PACKAGE_URL ""
| /* end confdefs.h.  */
| #include <ac_nonexistent.h>
configure:3438: checking for icc
configure:3447: result: no
configure:3461: checking for suncc
configure:3470: result: no
configure:3488: checking for system library directory
configure:3503: result: lib
configure:3510: checking if compiler supports -R
configure:3529: cc -o conftest -g -O2   conftest.c -R /usr/lib  >&5
cc: error: unrecognized command-line option '-R'
configure:3529: $? = 1
configure: failed program was:
| /* confdefs.h */
| #define PACKAGE_NAME ""
| #define PACKAGE_TARNAME ""
| #define PACKAGE_VERSION ""
| #define PACKAGE_STRING ""
| #define PACKAGE_BUGREPORT ""
| #define PACKAGE_URL ""
| /* end confdefs.h.  */
| 
| int
| main ()
| {
| 
|   ;
|   return 0;
| }
configure:3539: result: no
configure:3544: checking if compiler supports -Wl,-rpath,
configure:3563: cc -o conftest -g -O2   conftest.c -Wl,-rpath,/usr/lib  >&5
configure:3563: $? = 0
configure:3573: result: yes
configure:3589: checking build system type
configure:3603: result: x86_64-pc-linux-gnu
configure:3623: checking host system type
configure:3636: result: x86_64-pc-linux-gnu
configure:3656: checking target system type
configure:3669: result: x86_64-pc-linux-gnu
configure:3772: checking for PHP prefix
configure:3774: result: /usr
configure:3776: checking for PHP includes
configure:3778: result: -I/usr/include/php -I/usr/include/php/main -I/usr/include/php/TSRM -I/usr/include/php/Zend -I/usr/include/php/ext -I/usr/include/php/ext/date/lib
configure:3780: checking for PHP extension directory
configure:3782: result: /usr/lib/php/modules
configure:3784: checking for PHP installed headers prefix
configure:3786: result: /usr/include/php
configure:3789: checking if debug is enabled
configure:3815: result: no
configure:3818: checking if zts is enabled
configure:3844: result: no
configure:3912: checking for gawk
configure:3929: found /usr/bin/gawk
configure:3940: result: gawk
configure:4308: checking for a sed that does not truncate output
configure:4362: result: /usr/bin/sed
configure:4376: checking for ld used by cc
configure:4443: result: /usr/bin/ld
configure:4450: checking if the linker (/usr/bin/ld) is GNU ld
configure:4465: result: yes
configure:4470: checking for /usr/bin/ld option to reload object files
configure:4477: result: -r
configure:4495: checking for BSD-compatible nm
configure:4544: result: /usr/bin/nm -B
configure:4548: checking whether ln -s works
configure:4552: result: yes
configure:4559: checking how to recognize dependent libraries
configure:4745: result: pass_all
configure:4830: cc -c -g -O2  conftest.c >&5
configure:4833: $? = 0
configure:4963: checking for ANSI C header files
configure:4983: cc -c -g -O2  conftest.c >&5
configure:4983: $? = 0
configure:5056: cc -o conftest -g -O2   conftest.c  >&5
configure:5056: $? = 0
configure:5056: ./conftest
configure:5056: $? = 0
configure:5067: result: yes
configure:5080: checking for sys/types.h
configure:5080: cc -c -g -O2  conftest.c >&5
configure:5080: $? = 0
configure:5080: result: yes
configure:5080: checking for sys/stat.h
configure:5080: cc -c -g -O2  conftest.c >&5
configure:5080: $? = 0
configure:5080: result: yes
configure:5080: checking for stdlib.h
configure:5080: cc -c -g -O2  conftest.c >&5
configure:5080: $? = 0
configure:5080: result: yes
configure:5080: checking for string.h
configure:5080: cc -c -g -O2  conftest.c >&5
configure:5080: $? = 0
configure:5080: result: yes
configure:5080: checking for memory.h
configure:5080: cc -c -g -O2  conftest.c >&5
configure:5080: $? = 0
configure:5080: result: yes
configure:5080: checking for strings.h
configure:5080: cc -c -g -O2  conftest.c >&5
configure:5080: $? = 0
configure:5080: result: yes
configure:5080: checking for inttypes.h
configure:5080: cc -c -g -O2  conftest.c >&5
configure:5080: $? = 0
configure:5080: result: yes
configure:5080: checking for stdint.h
configure:5080: cc -c -g -O2  conftest.c >&5
configure:5080: $? = 0
configure:5080: result: yes
configure:5080: checking for unistd.h
configure:5080: cc -c -g -O2  conftest.c >&5
configure:5080: $? = 0
configure:5080: result: yes
configure:5094: checking dlfcn.h usability
configure:5094: cc -c -g -O2  conftest.c >&5
configure:5094: $? = 0
configure:5094: result: yes
configure:5094: checking dlfcn.h presence
configure:5094: cc -E  conftest.c
configure:5094: $? = 0
configure:5094: result: yes
configure:5094: checking for dlfcn.h
configure:5094: result: yes
configure:5116: checking the maximum length of command line arguments
configure:5228: result: 1572864
configure:5240: checking command to parse /usr/bin/nm -B output from cc object
configure:5345: cc -c -g -O2  conftest.c >&5
configure:5348: $? = 0
configure:5352: /usr/bin/nm -B conftest.o \| sed -n -e 's/^.*[ 	]\([ABCDGIRSTW][ABCDGIRSTW]*\)[ 	][ 	]*\([_A-Za-z][_A-Za-z0-9]*\)$/\1 \2 \2/p' \> conftest.nm
configure:5355: $? = 0
configure:5407: cc -o conftest -g -O2   conftest.c conftstm.o >&5
configure:5410: $? = 0
configure:5448: result: ok
configure:5452: checking for objdir
configure:5467: result: .libs
configure:5559: checking for ar
configure:5575: found /usr/bin/ar
configure:5586: result: ar
configure:5651: checking for ranlib
configure:5667: found /usr/bin/ranlib
configure:5678: result: ranlib
configure:5743: checking for strip
configure:5759: found /usr/bin/strip
configure:5770: result: strip
configure:6339: checking if cc supports -fno-rtti -fno-exceptions
configure:6388: cc -c -g -O2  -fno-rtti -fno-exceptions conftest.c >&5
cc1: warning: command-line option '-fno-rtti' is valid for C++/D/ObjC++ but not for C
configure:6392: $? = 0
configure:6374: result: no
configure:6364: checking for cc option to produce PIC
configure:6604: result: -fPIC
configure:6612: checking if cc PIC flag -fPIC works
configure:6686: cc -c -g -O2  -fPIC -DPIC conftest.c >&5
configure:6690: $? = 0
configure:6647: result: yes
configure:6646: checking if cc static flag -static works
configure:6674: result: yes
configure:6684: checking if cc supports -c -o file.o
configure:6790: cc -c -g -O2  -o out/conftest2.o conftest.c >&5
configure:6794: $? = 0
configure:6707: result: yes
configure:6733: checking whether the cc linker (/usr/bin/ld -m elf_x86_64) supports shared libraries
configure:7661: result: yes
configure:7682: checking whether -lc should be explicitly linked in
configure:7687: cc -c -g -O2  conftest.c >&5
configure:7690: $? = 0
configure:7705: cc -shared conftest.o  -v -Wl,-soname -Wl,conftest -o conftest 2\>\&1 \| grep  -lc  \>/dev/null 2\>\&1
configure:7708: $? = 0
configure:7720: result: no
configure:7728: checking dynamic linker characteristics
configure:8326: result: GNU/Linux ld.so
configure:8350: checking how to hardcode library paths into programs
configure:8375: result: immediate
configure:8389: checking whether stripping libraries is possible
configure:8394: result: yes
configure:8911: checking if libtool supports shared libraries
configure:8913: result: yes
configure:8916: checking whether to build shared libraries
configure:8937: result: yes
configure:8940: checking whether to build static libraries
configure:8944: result: no
configure:9039: result:
creating libtool
configure:12727: patching config.h.in
configure:12738: creating ./config.status

## ---------------------- ##
## Running config.status. ##
## ---------------------- ##

This file was extended by config.status, which was
generated by GNU Autoconf 2.69.  Invocation command line was

  CONFIG_FILES    = 
  CONFIG_HEADERS  = 
  CONFIG_LINKS    = 
  CONFIG_COMMANDS = 
  $ ./config.status 

on arch-pc

config.status:672: creating config.h
config.status:762: config.h is unchanged

## ---------------- ##
## Cache variables. ##
## ---------------- ##

ac_cv_build=x86_64-pc-linux-gnu
ac_cv_c_compiler_gnu=yes
ac_cv_env_CC_set=
ac_cv_env_CC_value=
ac_cv_env_CFLAGS_set=
ac_cv_env_CFLAGS_value=
ac_cv_env_CPPFLAGS_set=
ac_cv_env_CPPFLAGS_value=
ac_cv_env_CPP_set=
ac_cv_env_CPP_value=
ac_cv_env_LDFLAGS_set=
ac_cv_env_LDFLAGS_value=
ac_cv_env_LIBS_set=
ac_cv_env_LIBS_value=
ac_cv_env_PKG_CONFIG_LIBDIR_set=
ac_cv_env_PKG_CONFIG_LIBDIR_value=
ac_cv_env_PKG_CONFIG_PATH_set=
ac_cv_env_PKG_CONFIG_PATH_value=
ac_cv_env_PKG_CONFIG_set=
ac_cv_env_PKG_CONFIG_value=
ac_cv_env_build_alias_set=
ac_cv_env_build_alias_value=
ac_cv_env_host_alias_set=
ac_cv_env_host_alias_value=
ac_cv_env_target_alias_set=
ac_cv_env_target_alias_value=
ac_cv_header_dlfcn_h=yes
ac_cv_header_inttypes_h=yes
ac_cv_header_memory_h=yes
ac_cv_header_stdc=yes
ac_cv_header_stdint_h=yes
ac_cv_header_stdlib_h=yes
ac_cv_header_string_h=yes
ac_cv_header_strings_h=yes
ac_cv_header_sys_stat_h=yes
ac_cv_header_sys_types_h=yes
ac_cv_header_unistd_h=yes
ac_cv_host=x86_64-pc-linux-gnu
ac_cv_objext=o
ac_cv_path_EGREP='/usr/bin/grep -E'
ac_cv_path_GREP=/usr/bin/grep
ac_cv_path_SED=/usr/bin/sed
ac_cv_path_ac_pt_PKG_CONFIG=/usr/bin/pkg-config
ac_cv_prog_AWK=gawk
ac_cv_prog_CPP='cc -E'
ac_cv_prog_ac_ct_AR=ar
ac_cv_prog_ac_ct_CC=cc
ac_cv_prog_ac_ct_RANLIB=ranlib
ac_cv_prog_ac_ct_STRIP=strip
ac_cv_prog_cc_c89=
ac_cv_prog_cc_g=yes
ac_cv_target=x86_64-pc-linux-gnu
lt_cv_deplibs_check_method=pass_all
lt_cv_file_magic_cmd='$MAGIC_CMD'
lt_cv_file_magic_test_file=
lt_cv_ld_reload_flag=-r
lt_cv_objdir=.libs
lt_cv_path_LD=/usr/bin/ld
lt_cv_path_NM='/usr/bin/nm -B'
lt_cv_path_SED=/usr/bin/sed
lt_cv_prog_compiler_c_o=yes
lt_cv_prog_compiler_pic_works=yes
lt_cv_prog_compiler_rtti_exceptions=no
lt_cv_prog_compiler_static_works=yes
lt_cv_prog_gnu_ld=yes
lt_cv_sys_global_symbol_pipe='sed -n -e '\''s/^.*[ 	]\([ABCDGIRSTW][ABCDGIRSTW]*\)[ 	][ 	]*\([_A-Za-z][_A-Za-z0-9]*\)$/\1 \2 \2/p'\'''
lt_cv_sys_global_symbol_to_c_name_address='sed -n -e '\''s/^: \([^ ]*\) $/  {\"\1\", (lt_ptr) 0},/p'\'' -e '\''s/^[BCDEGRST] \([^ ]*\) \([^ ]*\)$/  {"\2", (lt_ptr) \&\2},/p'\'''
lt_cv_sys_global_symbol_to_cdecl='sed -n -e '\''s/^. .* \(.*\)$/extern int \1;/p'\'''
lt_cv_sys_lib_dlsearch_path_spec='/lib /usr/lib /usr/lib/libfakeroot /usr/lib32 '
lt_cv_sys_lib_search_path_spec='/usr/lib/gcc/x86_64-pc-linux-gnu/10.2.0 /usr/lib /lib'
lt_cv_sys_max_cmd_len=1572864
lt_lt_cv_prog_compiler_c_o='"yes"'
lt_lt_cv_sys_global_symbol_pipe='"sed -n -e '\''s/^.*[ 	]\\([ABCDGIRSTW][ABCDGIRSTW]*\\)[ 	][ 	]*\\([_A-Za-z][_A-Za-z0-9]*\\)\$/\\1 \\2 \\2/p'\''"'
lt_lt_cv_sys_global_symbol_to_c_name_address='"sed -n -e '\''s/^: \\([^ ]*\\) \$/  {\\\"\\1\\\", (lt_ptr) 0},/p'\'' -e '\''s/^[BCDEGRST] \\([^ ]*\\) \\([^ ]*\\)\$/  {\"\\2\", (lt_ptr) \\&\\2},/p'\''"'
lt_lt_cv_sys_global_symbol_to_cdecl='"sed -n -e '\''s/^. .* \\(.*\\)\$/extern int \\1;/p'\''"'
php_cv_cc_dashr=no
php_cv_cc_rpath=yes

## ----------------- ##
## Output variables. ##
## ----------------- ##

AR='ar'
AWK='gawk'
CC='cc'
CFLAGS='-g -O2'
CONFIGURE_COMMAND=' '\''./configure'\'' '
CONFIGURE_OPTIONS=''
CPP='cc -E'
CPPFLAGS=' -DHAVE_CONFIG_H'
DEFS='-DHAVE_CONFIG_H'
DSYMUTIL=''
ECHO='echo'
ECHO_C=''
ECHO_N='-n'
ECHO_T=''
EGREP='/usr/bin/grep -E'
EXEEXT=''
GREP='/usr/bin/grep'
LDFLAGS=''
LIBOBJS=''
LIBS=''
LIBTOOL='$(SHELL) $(top_builddir)/libtool'
LN_S='ln -s'
LTLIBOBJS=''
NMEDIT=''
OBJEXT='o'
PACKAGE_BUGREPORT=''
PACKAGE_NAME=''
PACKAGE_STRING=''
PACKAGE_TARNAME=''
PACKAGE_URL=''
PACKAGE_VERSION=''
PATH_SEPARATOR=':'
PKG_CONFIG='/usr/bin/pkg-config'
PKG_CONFIG_LIBDIR=''
PKG_CONFIG_PATH=''
RANLIB='ranlib'
SED='/usr/bin/sed'
SHELL='/bin/sh'
SHLIB_DL_SUFFIX_NAME='so'
SHLIB_SUFFIX_NAME='so'
STRIP='strip'
ac_ct_CC='cc'
bindir='${exec_prefix}/bin'
build='x86_64-pc-linux-gnu'
build_alias=''
build_cpu='x86_64'
build_os='linux-gnu'
build_vendor='pc'
datadir='${datarootdir}'
datarootdir='${prefix}/share'
docdir='${datarootdir}/doc/${PACKAGE}'
dvidir='${docdir}'
exec_prefix='$(prefix)'
host='x86_64-pc-linux-gnu'
host_alias='x86_64-pc-linux-gnu'
host_cpu='x86_64'
host_os='linux-gnu'
host_vendor='pc'
htmldir='${docdir}'
includedir='${prefix}/include'
infodir='${datarootdir}/info'
libdir='${exec_prefix}/lib'
libexecdir='${exec_prefix}/libexec'
localedir='${datarootdir}/locale'
localstatedir='${prefix}/var'
mandir='${datarootdir}/man'
oldincludedir='/usr/include'
pdfdir='${docdir}'
prefix='/usr'
program_transform_name='s,x,x,'
psdir='${docdir}'
sbindir='${exec_prefix}/sbin'
sharedstatedir='${prefix}/com'
sysconfdir='${prefix}/etc'
target='x86_64-pc-linux-gnu'
target_alias=''
target_cpu='x86_64'
target_os='linux-gnu'
target_vendor='pc'

## ----------- ##
## confdefs.h. ##
## ----------- ##

/* confdefs.h */
#define PACKAGE_NAME ""
#define PACKAGE_TARNAME ""
#define PACKAGE_VERSION ""
#define PACKAGE_STRING ""
#define PACKAGE_BUGREPORT ""
#define PACKAGE_URL ""
#define COMPILE_DL_ERIC 1
#define STDC_HEADERS 1
#define HAVE_SYS_TYPES_H 1
#define HAVE_SYS_STAT_H 1
#define HAVE_STDLIB_H 1
#define HAVE_STRING_H 1
#define HAVE_MEMORY_H 1
#define HAVE_STRINGS_H 1
#define HAVE_INTTYPES_H 1
#define HAVE_STDINT_H 1
#define HAVE_UNISTD_H 1
#define HAVE_DLFCN_H 1

configure: exit 0
